app/build/intermediates/manifest_merge_blame_file/release/processReleaseMainManifest/manifest-merger-blame-release-report.txt
1<?xml version="1.0" encoding="utf-8"?>
2<manifest xmlns:android="http://schemas.android.com/apk/res/android"
3    package="com.brixavier.tskr"
4    android:versionCode="1"
5    android:versionName="1.0.0" >
6
7    <uses-sdk
7-->INJECTED
8        android:minSdkVersion="26"
8-->INJECTED
9        android:targetSdkVersion="37" />
9-->INJECTED
10
11    <!-- Permissions required for Alarms and the Full Screen Overlay -->
12    <uses-permission android:name="android.permission.VIBRATE" />
12-->src\main\AndroidManifest.xml:6:5-66
12-->src\main\AndroidManifest.xml:6:22-63
13    <uses-permission android:name="android.permission.WAKE_LOCK" />
13-->src\main\AndroidManifest.xml:7:5-68
13-->src\main\AndroidManifest.xml:7:22-65
14    <uses-permission android:name="android.permission.DISABLE_KEYGUARD" />
14-->src\main\AndroidManifest.xml:8:5-75
14-->src\main\AndroidManifest.xml:8:22-72
15    <uses-permission android:name="android.permission.USE_FULL_SCREEN_INTENT" />
15-->src\main\AndroidManifest.xml:9:5-81
15-->src\main\AndroidManifest.xml:9:22-78
16    <uses-permission android:name="android.permission.SCHEDULE_EXACT_ALARM" />
16-->src\main\AndroidManifest.xml:10:5-79
16-->src\main\AndroidManifest.xml:10:22-76
17    <uses-permission android:name="android.permission.POST_NOTIFICATIONS" />
17-->src\main\AndroidManifest.xml:11:5-77
17-->src\main\AndroidManifest.xml:11:22-74
18    <uses-permission android:name="android.permission.ACCESS_NETWORK_STATE" />
18-->[androidx.work:work-runtime:2.9.0] AndroidManifest.xml:24:5-79
18-->[androidx.work:work-runtime:2.9.0] AndroidManifest.xml:24:22-76
19    <uses-permission android:name="android.permission.RECEIVE_BOOT_COMPLETED" />
19-->[androidx.work:work-runtime:2.9.0] AndroidManifest.xml:25:5-81
19-->[androidx.work:work-runtime:2.9.0] AndroidManifest.xml:25:22-78
20    <uses-permission android:name="android.permission.FOREGROUND_SERVICE" />
20-->[androidx.work:work-runtime:2.9.0] AndroidManifest.xml:26:5-77
20-->[androidx.work:work-runtime:2.9.0] AndroidManifest.xml:26:22-74
21
22    <permission
22-->[androidx.core:core:1.16.0] AndroidManifest.xml:22:5-24:47
23        android:name="com.brixavier.tskr.DYNAMIC_RECEIVER_NOT_EXPORTED_PERMISSION"
23-->[androidx.core:core:1.16.0] AndroidManifest.xml:23:9-81
24        android:protectionLevel="signature" />
24-->[androidx.core:core:1.16.0] AndroidManifest.xml:24:9-44
25
26    <uses-permission android:name="com.brixavier.tskr.DYNAMIC_RECEIVER_NOT_EXPORTED_PERMISSION" />
26-->[androidx.core:core:1.16.0] AndroidManifest.xml:26:5-97
26-->[androidx.core:core:1.16.0] AndroidManifest.xml:26:22-94
27
28    <application
28-->src\main\AndroidManifest.xml:13:5-63:19
29        android:allowBackup="true"
29-->src\main\AndroidManifest.xml:14:9-35
30        android:appComponentFactory="androidx.core.app.CoreComponentFactory"
30-->[androidx.core:core:1.16.0] AndroidManifest.xml:28:18-86
31        android:extractNativeLibs="false"
31-->INJECTED
32        android:icon="@mipmap/ic_launcher"
32-->src\main\AndroidManifest.xml:15:9-43
33        android:label="@string/app_name"
33-->src\main\AndroidManifest.xml:17:9-41
34        android:roundIcon="@mipmap/ic_launcher_round"
34-->src\main\AndroidManifest.xml:16:9-54
35        android:theme="@style/Theme.TskR.Starting" >
35-->src\main\AndroidManifest.xml:18:9-51
36
37        <!-- Main Launcher Activity -->
38        <activity
38-->src\main\AndroidManifest.xml:21:9-29:20
39            android:name="com.brixavier.tskr.MainActivity"
39-->src\main\AndroidManifest.xml:22:13-41
40            android:exported="true"
40-->src\main\AndroidManifest.xml:23:13-36
41            android:theme="@style/Theme.TskR.Starting" >
41-->src\main\AndroidManifest.xml:24:13-55
42            <intent-filter>
42-->src\main\AndroidManifest.xml:25:13-28:29
43                <action android:name="android.intent.action.MAIN" />
43-->src\main\AndroidManifest.xml:26:17-69
43-->src\main\AndroidManifest.xml:26:25-66
44
45                <category android:name="android.intent.category.LAUNCHER" />
45-->src\main\AndroidManifest.xml:27:17-77
45-->src\main\AndroidManifest.xml:27:27-74
46            </intent-filter>
47        </activity>
48
49        <!-- Dedicated Full Screen Alarm Activity, configured to run above Lock Screen -->
50        <activity
50-->src\main\AndroidManifest.xml:32:9-42:40
51            android:name="com.brixavier.tskr.AlarmActivity"
51-->src\main\AndroidManifest.xml:33:13-42
52            android:configChanges="orientation|screenSize|keyboardHidden"
52-->src\main\AndroidManifest.xml:40:13-74
53            android:excludeFromRecents="true"
53-->src\main\AndroidManifest.xml:37:13-46
54            android:exported="false"
54-->src\main\AndroidManifest.xml:42:13-37
55            android:launchMode="singleInstance"
55-->src\main\AndroidManifest.xml:38:13-48
56            android:showForAllUsers="true"
56-->src\main\AndroidManifest.xml:36:13-43
57            android:showOnLockScreen="true"
57-->src\main\AndroidManifest.xml:34:13-44
58            android:taskAffinity=""
58-->src\main\AndroidManifest.xml:39:13-36
59            android:theme="@android:style/Theme.Translucent.NoTitleBar.Fullscreen"
59-->src\main\AndroidManifest.xml:41:13-83
60            android:turnScreenOn="true" />
60-->src\main\AndroidManifest.xml:35:13-40
61
62        <!-- BroadcastReceiver triggered by AlarmManager -->
63        <receiver
63-->src\main\AndroidManifest.xml:45:9-48:40
64            android:name="com.brixavier.tskr.receiver.AlarmReceiver"
64-->src\main\AndroidManifest.xml:46:13-51
65            android:enabled="true"
65-->src\main\AndroidManifest.xml:47:13-35
66            android:exported="false" />
66-->src\main\AndroidManifest.xml:48:13-37
67
68        <!-- Home Screen Widget -->
69        <receiver
69-->src\main\AndroidManifest.xml:51:9-61:20
70            android:name="com.brixavier.tskr.widget.TskRWidgetReceiver"
70-->src\main\AndroidManifest.xml:52:13-54
71            android:exported="true"
71-->src\main\AndroidManifest.xml:53:13-36
72            android:label="Tsk.R Next Up" >
72-->src\main\AndroidManifest.xml:54:13-42
73            <intent-filter>
73-->src\main\AndroidManifest.xml:55:13-57:29
74                <action android:name="android.appwidget.action.APPWIDGET_UPDATE" />
74-->src\main\AndroidManifest.xml:56:17-84
74-->src\main\AndroidManifest.xml:56:25-81
75            </intent-filter>
76
77            <meta-data
77-->src\main\AndroidManifest.xml:58:13-60:60
78                android:name="android.appwidget.provider"
78-->src\main\AndroidManifest.xml:59:17-58
79                android:resource="@xml/tskr_widget_info" />
79-->src\main\AndroidManifest.xml:60:17-57
80        </receiver>
81
82        <activity
82-->[androidx.glance:glance-appwidget:1.1.0] AndroidManifest.xml:23:9-28:62
83            android:name="androidx.glance.appwidget.action.ActionTrampolineActivity"
83-->[androidx.glance:glance-appwidget:1.1.0] AndroidManifest.xml:24:13-85
84            android:enabled="true"
84-->[androidx.glance:glance-appwidget:1.1.0] AndroidManifest.xml:25:13-35
85            android:excludeFromRecents="true"
85-->[androidx.glance:glance-appwidget:1.1.0] AndroidManifest.xml:26:13-46
86            android:exported="false"
86-->[androidx.glance:glance-appwidget:1.1.0] AndroidManifest.xml:27:13-37
87            android:theme="@android:style/Theme.NoDisplay" />
87-->[androidx.glance:glance-appwidget:1.1.0] AndroidManifest.xml:28:13-59
88        <activity
88-->[androidx.glance:glance-appwidget:1.1.0] AndroidManifest.xml:29:9-36:81
89            android:name="androidx.glance.appwidget.action.InvisibleActionTrampolineActivity"
89-->[androidx.glance:glance-appwidget:1.1.0] AndroidManifest.xml:30:13-94
90            android:enabled="true"
90-->[androidx.glance:glance-appwidget:1.1.0] AndroidManifest.xml:31:13-35
91            android:exported="false"
91-->[androidx.glance:glance-appwidget:1.1.0] AndroidManifest.xml:32:13-37
92            android:launchMode="singleInstance"
92-->[androidx.glance:glance-appwidget:1.1.0] AndroidManifest.xml:33:13-48
93            android:noHistory="true"
93-->[androidx.glance:glance-appwidget:1.1.0] AndroidManifest.xml:34:13-37
94            android:taskAffinity="androidx.glance.appwidget.ListAdapterCallbackTrampoline"
94-->[androidx.glance:glance-appwidget:1.1.0] AndroidManifest.xml:35:13-91
95            android:theme="@style/Widget.Glance.AppWidget.CallbackTrampoline" />
95-->[androidx.glance:glance-appwidget:1.1.0] AndroidManifest.xml:36:13-78
96
97        <receiver
97-->[androidx.glance:glance-appwidget:1.1.0] AndroidManifest.xml:38:9-41:40
98            android:name="androidx.glance.appwidget.action.ActionCallbackBroadcastReceiver"
98-->[androidx.glance:glance-appwidget:1.1.0] AndroidManifest.xml:39:13-92
99            android:enabled="true"
99-->[androidx.glance:glance-appwidget:1.1.0] AndroidManifest.xml:40:13-35
100            android:exported="false" />
100-->[androidx.glance:glance-appwidget:1.1.0] AndroidManifest.xml:41:13-37
101        <receiver
101-->[androidx.glance:glance-appwidget:1.1.0] AndroidManifest.xml:42:9-45:40
102            android:name="androidx.glance.appwidget.UnmanagedSessionReceiver"
102-->[androidx.glance:glance-appwidget:1.1.0] AndroidManifest.xml:43:13-78
103            android:enabled="true"
103-->[androidx.glance:glance-appwidget:1.1.0] AndroidManifest.xml:44:13-35
104            android:exported="false" />
104-->[androidx.glance:glance-appwidget:1.1.0] AndroidManifest.xml:45:13-37
105        <receiver
105-->[androidx.glance:glance-appwidget:1.1.0] AndroidManifest.xml:46:9-53:20
106            android:name="androidx.glance.appwidget.MyPackageReplacedReceiver"
106-->[androidx.glance:glance-appwidget:1.1.0] AndroidManifest.xml:47:13-79
107            android:enabled="true"
107-->[androidx.glance:glance-appwidget:1.1.0] AndroidManifest.xml:48:13-35
108            android:exported="false" >
108-->[androidx.glance:glance-appwidget:1.1.0] AndroidManifest.xml:49:13-37
109            <intent-filter>
109-->[androidx.glance:glance-appwidget:1.1.0] AndroidManifest.xml:50:13-52:29
110                <action android:name="android.intent.action.MY_PACKAGE_REPLACED" />
110-->[androidx.glance:glance-appwidget:1.1.0] AndroidManifest.xml:51:17-84
110-->[androidx.glance:glance-appwidget:1.1.0] AndroidManifest.xml:51:25-81
111            </intent-filter>
112        </receiver>
113
114        <service
114-->[androidx.glance:glance-appwidget:1.1.0] AndroidManifest.xml:55:9-58:72
115            android:name="androidx.glance.appwidget.GlanceRemoteViewsService"
115-->[androidx.glance:glance-appwidget:1.1.0] AndroidManifest.xml:56:13-78
116            android:exported="true"
116-->[androidx.glance:glance-appwidget:1.1.0] AndroidManifest.xml:57:13-36
117            android:permission="android.permission.BIND_REMOTEVIEWS" />
117-->[androidx.glance:glance-appwidget:1.1.0] AndroidManifest.xml:58:13-69
118
119        <provider
119-->[androidx.work:work-runtime:2.9.0] AndroidManifest.xml:29:9-37:20
120            android:name="androidx.startup.InitializationProvider"
120-->[androidx.work:work-runtime:2.9.0] AndroidManifest.xml:30:13-67
121            android:authorities="com.brixavier.tskr.androidx-startup"
121-->[androidx.work:work-runtime:2.9.0] AndroidManifest.xml:31:13-68
122            android:exported="false" >
122-->[androidx.work:work-runtime:2.9.0] AndroidManifest.xml:32:13-37
123            <meta-data
123-->[androidx.work:work-runtime:2.9.0] AndroidManifest.xml:34:13-36:52
124                android:name="androidx.work.WorkManagerInitializer"
124-->[androidx.work:work-runtime:2.9.0] AndroidManifest.xml:35:17-68
125                android:value="androidx.startup" />
125-->[androidx.work:work-runtime:2.9.0] AndroidManifest.xml:36:17-49
126            <meta-data
126-->[androidx.emoji2:emoji2:1.4.0] AndroidManifest.xml:29:13-31:52
127                android:name="androidx.emoji2.text.EmojiCompatInitializer"
127-->[androidx.emoji2:emoji2:1.4.0] AndroidManifest.xml:30:17-75
128                android:value="androidx.startup" />
128-->[androidx.emoji2:emoji2:1.4.0] AndroidManifest.xml:31:17-49
129            <meta-data
129-->[androidx.lifecycle:lifecycle-process:2.9.4] AndroidManifest.xml:29:13-31:52
130                android:name="androidx.lifecycle.ProcessLifecycleInitializer"
130-->[androidx.lifecycle:lifecycle-process:2.9.4] AndroidManifest.xml:30:17-78
131                android:value="androidx.startup" />
131-->[androidx.lifecycle:lifecycle-process:2.9.4] AndroidManifest.xml:31:17-49
132            <meta-data
132-->[androidx.profileinstaller:profileinstaller:1.4.0] AndroidManifest.xml:29:13-31:52
133                android:name="androidx.profileinstaller.ProfileInstallerInitializer"
133-->[androidx.profileinstaller:profileinstaller:1.4.0] AndroidManifest.xml:30:17-85
134                android:value="androidx.startup" />
134-->[androidx.profileinstaller:profileinstaller:1.4.0] AndroidManifest.xml:31:17-49
135        </provider>
136
137        <service
137-->[androidx.work:work-runtime:2.9.0] AndroidManifest.xml:39:9-45:35
138            android:name="androidx.work.impl.background.systemalarm.SystemAlarmService"
138-->[androidx.work:work-runtime:2.9.0] AndroidManifest.xml:40:13-88
139            android:directBootAware="false"
139-->[androidx.work:work-runtime:2.9.0] AndroidManifest.xml:41:13-44
140            android:enabled="@bool/enable_system_alarm_service_default"
140-->[androidx.work:work-runtime:2.9.0] AndroidManifest.xml:42:13-72
141            android:exported="false" />
141-->[androidx.work:work-runtime:2.9.0] AndroidManifest.xml:43:13-37
142        <service
142-->[androidx.work:work-runtime:2.9.0] AndroidManifest.xml:46:9-52:35
143            android:name="androidx.work.impl.background.systemjob.SystemJobService"
143-->[androidx.work:work-runtime:2.9.0] AndroidManifest.xml:47:13-84
144            android:directBootAware="false"
144-->[androidx.work:work-runtime:2.9.0] AndroidManifest.xml:48:13-44
145            android:enabled="@bool/enable_system_job_service_default"
145-->[androidx.work:work-runtime:2.9.0] AndroidManifest.xml:49:13-70
146            android:exported="true"
146-->[androidx.work:work-runtime:2.9.0] AndroidManifest.xml:50:13-36
147            android:permission="android.permission.BIND_JOB_SERVICE" />
147-->[androidx.work:work-runtime:2.9.0] AndroidManifest.xml:51:13-69
148        <service
148-->[androidx.work:work-runtime:2.9.0] AndroidManifest.xml:53:9-59:35
149            android:name="androidx.work.impl.foreground.SystemForegroundService"
149-->[androidx.work:work-runtime:2.9.0] AndroidManifest.xml:54:13-81
150            android:directBootAware="false"
150-->[androidx.work:work-runtime:2.9.0] AndroidManifest.xml:55:13-44
151            android:enabled="@bool/enable_system_foreground_service_default"
151-->[androidx.work:work-runtime:2.9.0] AndroidManifest.xml:56:13-77
152            android:exported="false" />
152-->[androidx.work:work-runtime:2.9.0] AndroidManifest.xml:57:13-37
153
154        <receiver
154-->[androidx.work:work-runtime:2.9.0] AndroidManifest.xml:61:9-66:35
155            android:name="androidx.work.impl.utils.ForceStopRunnable$BroadcastReceiver"
155-->[androidx.work:work-runtime:2.9.0] AndroidManifest.xml:62:13-88
156            android:directBootAware="false"
156-->[androidx.work:work-runtime:2.9.0] AndroidManifest.xml:63:13-44
157            android:enabled="true"
157-->[androidx.work:work-runtime:2.9.0] AndroidManifest.xml:64:13-35
158            android:exported="false" />
158-->[androidx.work:work-runtime:2.9.0] AndroidManifest.xml:65:13-37
159        <receiver
159-->[androidx.work:work-runtime:2.9.0] AndroidManifest.xml:67:9-77:20
160            android:name="androidx.work.impl.background.systemalarm.ConstraintProxy$BatteryChargingProxy"
160-->[androidx.work:work-runtime:2.9.0] AndroidManifest.xml:68:13-106
161            android:directBootAware="false"
161-->[androidx.work:work-runtime:2.9.0] AndroidManifest.xml:69:13-44
162            android:enabled="false"
162-->[androidx.work:work-runtime:2.9.0] AndroidManifest.xml:70:13-36
163            android:exported="false" >
163-->[androidx.work:work-runtime:2.9.0] AndroidManifest.xml:71:13-37
164            <intent-filter>
164-->[androidx.work:work-runtime:2.9.0] AndroidManifest.xml:73:13-76:29
165                <action android:name="android.intent.action.ACTION_POWER_CONNECTED" />
165-->[androidx.work:work-runtime:2.9.0] AndroidManifest.xml:74:17-87
165-->[androidx.work:work-runtime:2.9.0] AndroidManifest.xml:74:25-84
166                <action android:name="android.intent.action.ACTION_POWER_DISCONNECTED" />
166-->[androidx.work:work-runtime:2.9.0] AndroidManifest.xml:75:17-90
166-->[androidx.work:work-runtime:2.9.0] AndroidManifest.xml:75:25-87
167            </intent-filter>
168        </receiver>
169        <receiver
169-->[androidx.work:work-runtime:2.9.0] AndroidManifest.xml:78:9-88:20
170            android:name="androidx.work.impl.background.systemalarm.ConstraintProxy$BatteryNotLowProxy"
170-->[androidx.work:work-runtime:2.9.0] AndroidManifest.xml:79:13-104
171            android:directBootAware="false"
171-->[androidx.work:work-runtime:2.9.0] AndroidManifest.xml:80:13-44
172            android:enabled="false"
172-->[androidx.work:work-runtime:2.9.0] AndroidManifest.xml:81:13-36
173            android:exported="false" >
173-->[androidx.work:work-runtime:2.9.0] AndroidManifest.xml:82:13-37
174            <intent-filter>
174-->[androidx.work:work-runtime:2.9.0] AndroidManifest.xml:84:13-87:29
175                <action android:name="android.intent.action.BATTERY_OKAY" />
175-->[androidx.work:work-runtime:2.9.0] AndroidManifest.xml:85:17-77
175-->[androidx.work:work-runtime:2.9.0] AndroidManifest.xml:85:25-74
176                <action android:name="android.intent.action.BATTERY_LOW" />
176-->[androidx.work:work-runtime:2.9.0] AndroidManifest.xml:86:17-76
176-->[androidx.work:work-runtime:2.9.0] AndroidManifest.xml:86:25-73
177            </intent-filter>
178        </receiver>
179        <receiver
179-->[androidx.work:work-runtime:2.9.0] AndroidManifest.xml:89:9-99:20
180            android:name="androidx.work.impl.background.systemalarm.ConstraintProxy$StorageNotLowProxy"
180-->[androidx.work:work-runtime:2.9.0] AndroidManifest.xml:90:13-104
181            android:directBootAware="false"
181-->[androidx.work:work-runtime:2.9.0] AndroidManifest.xml:91:13-44
182            android:enabled="false"
182-->[androidx.work:work-runtime:2.9.0] AndroidManifest.xml:92:13-36
183            android:exported="false" >
183-->[androidx.work:work-runtime:2.9.0] AndroidManifest.xml:93:13-37
184            <intent-filter>
184-->[androidx.work:work-runtime:2.9.0] AndroidManifest.xml:95:13-98:29
185                <action android:name="android.intent.action.DEVICE_STORAGE_LOW" />
185-->[androidx.work:work-runtime:2.9.0] AndroidManifest.xml:96:17-83
185-->[androidx.work:work-runtime:2.9.0] AndroidManifest.xml:96:25-80
186                <action android:name="android.intent.action.DEVICE_STORAGE_OK" />
186-->[androidx.work:work-runtime:2.9.0] AndroidManifest.xml:97:17-82
186-->[androidx.work:work-runtime:2.9.0] AndroidManifest.xml:97:25-79
187            </intent-filter>
188        </receiver>
189        <receiver
189-->[androidx.work:work-runtime:2.9.0] AndroidManifest.xml:100:9-109:20
190            android:name="androidx.work.impl.background.systemalarm.ConstraintProxy$NetworkStateProxy"
190-->[androidx.work:work-runtime:2.9.0] AndroidManifest.xml:101:13-103
191            android:directBootAware="false"
191-->[androidx.work:work-runtime:2.9.0] AndroidManifest.xml:102:13-44
192            android:enabled="false"
192-->[androidx.work:work-runtime:2.9.0] AndroidManifest.xml:103:13-36
193            android:exported="false" >
193-->[androidx.work:work-runtime:2.9.0] AndroidManifest.xml:104:13-37
194            <intent-filter>
194-->[androidx.work:work-runtime:2.9.0] AndroidManifest.xml:106:13-108:29
195                <action android:name="android.net.conn.CONNECTIVITY_CHANGE" />
195-->[androidx.work:work-runtime:2.9.0] AndroidManifest.xml:107:17-79
195-->[androidx.work:work-runtime:2.9.0] AndroidManifest.xml:107:25-76
196            </intent-filter>
197        </receiver>
198        <receiver
198-->[androidx.work:work-runtime:2.9.0] AndroidManifest.xml:110:9-121:20
199            android:name="androidx.work.impl.background.systemalarm.RescheduleReceiver"
199-->[androidx.work:work-runtime:2.9.0] AndroidManifest.xml:111:13-88
200            android:directBootAware="false"
200-->[androidx.work:work-runtime:2.9.0] AndroidManifest.xml:112:13-44
201            android:enabled="false"
201-->[androidx.work:work-runtime:2.9.0] AndroidManifest.xml:113:13-36
202            android:exported="false" >
202-->[androidx.work:work-runtime:2.9.0] AndroidManifest.xml:114:13-37
203            <intent-filter>
203-->[androidx.work:work-runtime:2.9.0] AndroidManifest.xml:116:13-120:29
204                <action android:name="android.intent.action.BOOT_COMPLETED" />
204-->[androidx.work:work-runtime:2.9.0] AndroidManifest.xml:117:17-79
204-->[androidx.work:work-runtime:2.9.0] AndroidManifest.xml:117:25-76
205                <action android:name="android.intent.action.TIME_SET" />
205-->[androidx.work:work-runtime:2.9.0] AndroidManifest.xml:118:17-73
205-->[androidx.work:work-runtime:2.9.0] AndroidManifest.xml:118:25-70
206                <action android:name="android.intent.action.TIMEZONE_CHANGED" />
206-->[androidx.work:work-runtime:2.9.0] AndroidManifest.xml:119:17-81
206-->[androidx.work:work-runtime:2.9.0] AndroidManifest.xml:119:25-78
207            </intent-filter>
208        </receiver>
209        <receiver
209-->[androidx.work:work-runtime:2.9.0] AndroidManifest.xml:122:9-131:20
210            android:name="androidx.work.impl.background.systemalarm.ConstraintProxyUpdateReceiver"
210-->[androidx.work:work-runtime:2.9.0] AndroidManifest.xml:123:13-99
211            android:directBootAware="false"
211-->[androidx.work:work-runtime:2.9.0] AndroidManifest.xml:124:13-44
212            android:enabled="@bool/enable_system_alarm_service_default"
212-->[androidx.work:work-runtime:2.9.0] AndroidManifest.xml:125:13-72
213            android:exported="false" >
213-->[androidx.work:work-runtime:2.9.0] AndroidManifest.xml:126:13-37
214            <intent-filter>
214-->[androidx.work:work-runtime:2.9.0] AndroidManifest.xml:128:13-130:29
215                <action android:name="androidx.work.impl.background.systemalarm.UpdateProxies" />
215-->[androidx.work:work-runtime:2.9.0] AndroidManifest.xml:129:17-98
215-->[androidx.work:work-runtime:2.9.0] AndroidManifest.xml:129:25-95
216            </intent-filter>
217        </receiver>
218        <receiver
218-->[androidx.work:work-runtime:2.9.0] AndroidManifest.xml:132:9-142:20
219            android:name="androidx.work.impl.diagnostics.DiagnosticsReceiver"
219-->[androidx.work:work-runtime:2.9.0] AndroidManifest.xml:133:13-78
220            android:directBootAware="false"
220-->[androidx.work:work-runtime:2.9.0] AndroidManifest.xml:134:13-44
221            android:enabled="true"
221-->[androidx.work:work-runtime:2.9.0] AndroidManifest.xml:135:13-35
222            android:exported="true"
222-->[androidx.work:work-runtime:2.9.0] AndroidManifest.xml:136:13-36
223            android:permission="android.permission.DUMP" >
223-->[androidx.work:work-runtime:2.9.0] AndroidManifest.xml:137:13-57
224            <intent-filter>
224-->[androidx.work:work-runtime:2.9.0] AndroidManifest.xml:139:13-141:29
225                <action android:name="androidx.work.diagnostics.REQUEST_DIAGNOSTICS" />
225-->[androidx.work:work-runtime:2.9.0] AndroidManifest.xml:140:17-88
225-->[androidx.work:work-runtime:2.9.0] AndroidManifest.xml:140:25-85
226            </intent-filter>
227        </receiver>
228
229        <service
229-->[androidx.core:core-remoteviews:1.1.0] AndroidManifest.xml:24:9-27:63
230            android:name="androidx.core.widget.RemoteViewsCompatService"
230-->[androidx.core:core-remoteviews:1.1.0] AndroidManifest.xml:25:13-73
231            android:permission="android.permission.BIND_REMOTEVIEWS" />
231-->[androidx.core:core-remoteviews:1.1.0] AndroidManifest.xml:26:13-69
232
233        <uses-library
233-->[androidx.window:window:1.5.0] AndroidManifest.xml:23:9-25:40
234            android:name="androidx.window.extensions"
234-->[androidx.window:window:1.5.0] AndroidManifest.xml:24:13-54
235            android:required="false" />
235-->[androidx.window:window:1.5.0] AndroidManifest.xml:25:13-37
236        <uses-library
236-->[androidx.window:window:1.5.0] AndroidManifest.xml:26:9-28:40
237            android:name="androidx.window.sidecar"
237-->[androidx.window:window:1.5.0] AndroidManifest.xml:27:13-51
238            android:required="false" />
238-->[androidx.window:window:1.5.0] AndroidManifest.xml:28:13-37
239
240        <service
240-->[androidx.room:room-runtime-android:2.8.4] AndroidManifest.xml:24:9-28:63
241            android:name="androidx.room.MultiInstanceInvalidationService"
241-->[androidx.room:room-runtime-android:2.8.4] AndroidManifest.xml:25:13-74
242            android:directBootAware="true"
242-->[androidx.room:room-runtime-android:2.8.4] AndroidManifest.xml:26:13-43
243            android:exported="false" />
243-->[androidx.room:room-runtime-android:2.8.4] AndroidManifest.xml:27:13-37
244
245        <receiver
245-->[androidx.profileinstaller:profileinstaller:1.4.0] AndroidManifest.xml:34:9-52:20
246            android:name="androidx.profileinstaller.ProfileInstallReceiver"
246-->[androidx.profileinstaller:profileinstaller:1.4.0] AndroidManifest.xml:35:13-76
247            android:directBootAware="false"
247-->[androidx.profileinstaller:profileinstaller:1.4.0] AndroidManifest.xml:36:13-44
248            android:enabled="true"
248-->[androidx.profileinstaller:profileinstaller:1.4.0] AndroidManifest.xml:37:13-35
249            android:exported="true"
249-->[androidx.profileinstaller:profileinstaller:1.4.0] AndroidManifest.xml:38:13-36
250            android:permission="android.permission.DUMP" >
250-->[androidx.profileinstaller:profileinstaller:1.4.0] AndroidManifest.xml:39:13-57
251            <intent-filter>
251-->[androidx.profileinstaller:profileinstaller:1.4.0] AndroidManifest.xml:40:13-42:29
252                <action android:name="androidx.profileinstaller.action.INSTALL_PROFILE" />
252-->[androidx.profileinstaller:profileinstaller:1.4.0] AndroidManifest.xml:41:17-91
252-->[androidx.profileinstaller:profileinstaller:1.4.0] AndroidManifest.xml:41:25-88
253            </intent-filter>
254            <intent-filter>
254-->[androidx.profileinstaller:profileinstaller:1.4.0] AndroidManifest.xml:43:13-45:29
255                <action android:name="androidx.profileinstaller.action.SKIP_FILE" />
255-->[androidx.profileinstaller:profileinstaller:1.4.0] AndroidManifest.xml:44:17-85
255-->[androidx.profileinstaller:profileinstaller:1.4.0] AndroidManifest.xml:44:25-82
256            </intent-filter>
257            <intent-filter>
257-->[androidx.profileinstaller:profileinstaller:1.4.0] AndroidManifest.xml:46:13-48:29
258                <action android:name="androidx.profileinstaller.action.SAVE_PROFILE" />
258-->[androidx.profileinstaller:profileinstaller:1.4.0] AndroidManifest.xml:47:17-88
258-->[androidx.profileinstaller:profileinstaller:1.4.0] AndroidManifest.xml:47:25-85
259            </intent-filter>
260            <intent-filter>
260-->[androidx.profileinstaller:profileinstaller:1.4.0] AndroidManifest.xml:49:13-51:29
261                <action android:name="androidx.profileinstaller.action.BENCHMARK_OPERATION" />
261-->[androidx.profileinstaller:profileinstaller:1.4.0] AndroidManifest.xml:50:17-95
261-->[androidx.profileinstaller:profileinstaller:1.4.0] AndroidManifest.xml:50:25-92
262            </intent-filter>
263        </receiver>
264    </application>
265
266</manifest>